<?xml version="1.0" encoding="UTF-8"?>
<!-- Generated by org.testng.reporters.JUnitXMLReporter -->
<testsuite hostname="DESKTOP-6U4SDTT" ignored="0" name="UItests" tests="3" failures="0" timestamp="29 Jun 2020 12:36:13 GMT" time="46.721" errors="0">
  <testcase name="currencyPriceCheckTest" time="27.698" classname="ru.opening.ui.test.OpeningTest"/>
  <testcase name="openBankSiteTest" time="12.814" classname="ru.opening.ui.test.OpeningTest"/>
  <testcase name="searchOpeningSiteTest" time="6.014" classname="ru.opening.ui.test.OpeningTest"/>
</testsuite> <!-- UItests -->
